<?xml version="1.0" encoding="UTF-8"?>
<testng-results ignored="0" total="2" passed="2" failed="0" skipped="0">
  <reporter-output>
  </reporter-output>
  <suite started-at="2018-04-23T18:59:37Z" name="Suite" finished-at="2018-04-23T18:59:59Z" duration-ms="22188">
    <groups>
    </groups>
    <test started-at="2018-04-23T18:59:37Z" name="Test" finished-at="2018-04-23T18:59:59Z" duration-ms="22188">
      <class name="com.qa.flipkart.Base">
        <test-method is-config="true" signature="setUP()[pri:0, instance:com.qa.flipkart.Base@52102734]" started-at="2018-04-23T18:59:37Z" name="setUP" finished-at="2018-04-23T18:59:47Z" duration-ms="9488" status="PASS">
          <reporter-output>
          </reporter-output>
        </test-method> <!-- setUP -->
        <test-method signature="launchUrl()[pri:1, instance:com.qa.flipkart.Base@52102734]" started-at="2018-04-23T18:59:47Z" name="launchUrl" finished-at="2018-04-23T18:59:55Z" duration-ms="8725" status="PASS">
          <reporter-output>
          </reporter-output>
        </test-method> <!-- launchUrl -->
        <test-method signature="Login()[pri:2, instance:com.qa.flipkart.Base@52102734]" started-at="2018-04-23T18:59:55Z" name="Login" finished-at="2018-04-23T18:59:59Z" duration-ms="3938" status="PASS">
          <reporter-output>
          </reporter-output>
        </test-method> <!-- Login -->
      </class> <!-- com.qa.flipkart.Base -->
    </test> <!-- Test -->
  </suite> <!-- Suite -->
</testng-results>
