<?xml version="1.0" encoding="UTF-8"?>
<testng-results ignored="0" total="2" passed="2" failed="0" skipped="0">
  <reporter-output>
  </reporter-output>
  <suite started-at="2018-04-23T17:26:23Z" name="Suite" finished-at="2018-04-23T17:26:48Z" duration-ms="25445">
    <groups>
    </groups>
    <test started-at="2018-04-23T17:26:23Z" name="Test" finished-at="2018-04-23T17:26:48Z" duration-ms="25445">
      <class name="com.qa.flipkart.Base">
        <test-method is-config="true" signature="setUP()[pri:0, instance:com.qa.flipkart.Base@662b4c69]" started-at="2018-04-23T17:26:23Z" name="setUP" finished-at="2018-04-23T17:26:31Z" duration-ms="8545" status="PASS">
          <reporter-output>
          </reporter-output>
        </test-method> <!-- setUP -->
        <test-method signature="launchUrl()[pri:1, instance:com.qa.flipkart.Base@662b4c69]" started-at="2018-04-23T17:26:31Z" name="launchUrl" finished-at="2018-04-23T17:26:45Z" duration-ms="13136" status="PASS">
          <reporter-output>
          </reporter-output>
        </test-method> <!-- launchUrl -->
        <test-method signature="Login()[pri:2, instance:com.qa.flipkart.Base@662b4c69]" started-at="2018-04-23T17:26:45Z" name="Login" finished-at="2018-04-23T17:26:48Z" duration-ms="3716" status="PASS">
          <reporter-output>
          </reporter-output>
        </test-method> <!-- Login -->
      </class> <!-- com.qa.flipkart.Base -->
    </test> <!-- Test -->
  </suite> <!-- Suite -->
</testng-results>
